Arguments: 
  D:\node.exe C:\Users\codew\AppData\Roaming\npm\node_modules\yarn\bin\yarn.js add fs

PATH: 
  C:\Python310\Scripts\;C:\Python310\;C:\Program Files (x86)\Intel\Intel(R) Management Engine Components\iCLS\;C:\Program Files\Intel\Intel(R) Management Engine Components\iCLS\;C:\Windows\system32;C:\Windows;C:\Windows\System32\Wbem;C:\Windows\System32\WindowsPowerShell\v1.0\;C:\Windows\System32\OpenSSH\;C:\Program Files (x86)\NVIDIA Corporation\PhysX\Common;C:\Program Files (x86)\Intel\Intel(R) Management Engine Components\DAL;C:\Program Files\Intel\Intel(R) Management Engine Components\DAL;C:\Program Files (x86)\Intel\Intel(R) Management Engine Components\IPT;C:\Program Files\Intel\Intel(R) Management Engine Components\IPT;C:\Program Files\Intel\WiFi\bin\;C:\Program Files\Common Files\Intel\WirelessCommon\;C:\WINDOWS\system32;C:\WINDOWS;C:\WINDOWS\System32\Wbem;C:\WINDOWS\System32\WindowsPowerShell\v1.0\;C:\WINDOWS\System32\OpenSSH\;D:\;C:\ProgramData\chocolatey\bin;D:\Git\cmd;C:\Program Files\Docker\Docker\resources\bin;C:\ProgramData\DockerDesktop\version-bin;C:\Program Files\dotnet\;C:\Users\codew\AppData\Local\Microsoft\WindowsApps;;D:\Microsoft VS Code\bin;C:\Users\codew\AppData\Roaming\npm;C:\Users\codew\AppData\Local\Programs\IPFS Desktop\resources\app.asar.unpacked\src\ipfs-on-path\scripts\bin-win

Yarn version: 
  1.22.17

Node version: 
  14.18.1

Platform: 
  win32 x64

Trace: 
  Error: EPERM: operation not permitted, unlink 'C:\Users\codew\Downloads\marketplace-uiV2\node_modules\eslint-plugin-flowtype\README.md'

npm manifest: 
  {
    "name": "muzixpro",
    "version": "0.1.0",
    "private": true,
    "dependencies": {
      "@ant-design/icons": "^4.7.0",
      "@fortawesome/free-solid-svg-icons": "^5.15.4",
      "@material/react-tab-bar": "^0.15.0",
      "@testing-library/jest-dom": "^5.11.4",
      "@testing-library/react": "^11.1.0",
      "@testing-library/user-event": "^12.1.10",
      "antd": "^4.16.13",
      "axios": "^0.23.0",
      "bootstrap": "^5.1.3",
      "ethers": "^5.5.1",
      "file-type": "^17.0.2",
      "font-awesome": "^4.7.0",
      "fs": "^0.0.1-security",
      "gh-pages": "^3.2.3",
      "global": "^4.4.0",
      "ipfs-http-client": "^53.0.1",
      "react": "^17.0.2",
      "react-accessible-dropdown-menu-hook": "^3.1.0",
      "react-audio-player": "^0.17.0",
      "react-bootstrap": "^2.0.4",
      "react-copy-to-clipboard": "^5.0.4",
      "react-device-detect": "^2.0.1",
      "react-dom": "^17.0.2",
      "react-faq-component": "^1.3.1",
      "react-helmet": "^6.1.0",
      "react-loader-spinner": "^4.0.0",
      "react-mailchimp-subscribe": "^2.1.3",
      "react-mailto": "^0.4.0",
      "react-medium-image-zoom": "^4.3.5",
      "react-player": "^2.9.0",
      "react-router-dom": "^5.3.0",
      "react-scripts": "^5.0.0",
      "semver": "^7.3.5",
      "styled-alert-component": "^4.0.0",
      "styled-components": "^5.3.1",
      "sweetalert2": "^11.3.0",
      "typescript": "^4.5.2",
      "video-react": "^0.14.1",
      "web-vitals": "^1.0.1",
      "web3-core": "^1.6.1",
      "web3modal": "^1.9.4"
    },
    "scripts": {
      "start": "react-scripts start",
      "build": "CI=false && react-scripts build",
      "test": "react-scripts test",
      "eject": "react-scripts eject"
    },
    "eslintConfig": {
      "extends": [
        "react-app",
        "react-app/jest"
      ]
    },
    "browserslist": {
      "production": [
        ">0.2%",
        "not dead",
        "not op_mini all"
      ],
      "development": [
        "last 1 chrome version",
        "last 1 firefox version",
        "last 1 safari version"
      ]
    }
  }

yarn manifest: 
  No manifest

Lockfile: 
  No lockfile
